# JRE version: OpenJDK Runtime Environment (11.0.11+9) (build 11.0.11+9-b60-7590822)
# Java VM: OpenJDK 64-Bit Server VM (11.0.11+9-b60-7590822, mixed mode, tiered, compressed oops, g1 gc, windows-amd64)
Heap:
 garbage-first heap   total 275456K, used 142411K [0x0000000080000000, 0x0000000100000000)
  region size 1024K, 32 young (32768K), 12 survivors (12288K)
 Metaspace       used 114895K, capacity 118232K, committed 118520K, reserved 1150976K
  class space    used 15030K, capacity 16338K, committed 16460K, reserved 1048576K
GC Heap History (20 events):
Event: 9.614 GC heap before
{Heap before GC invocations=11 (full 0):
 garbage-first heap   total 260096K, used 175171K [0x0000000080000000, 0x0000000100000000)
  region size 1024K, 123 young (125952K), 11 survivors (11264K)
 Metaspace       used 77408K, capacity 79170K, committed 79436K, reserved 1118208K
  class space    used 10117K, capacity 10770K, committed 10828K, reserved 1048576K
}
Event: 9.625 GC heap after
{Heap after GC invocations=12 (full 0):
 garbage-first heap   total 260096K, used 67088K [0x0000000080000000, 0x0000000100000000)
  region size 1024K, 15 young (15360K), 15 survivors (15360K)
 Metaspace       used 77408K, capacity 79170K, committed 79436K, reserved 1118208K
  class space    used 10117K, capacity 10770K, committed 10828K, reserved 1048576K
}
Event: 11.002 GC heap before
{Heap before GC invocations=12 (full 0):
 garbage-first heap   total 260096K, used 183824K [0x0000000080000000, 0x0000000100000000)
  region size 1024K, 129 young (132096K), 15 survivors (15360K)
 Metaspace       used 84938K, capacity 87420K, committed 87756K, reserved 1124352K
  class space    used 11206K, capacity 12155K, committed 12236K, reserved 1048576K
}
Event: 11.018 GC heap after
{Heap after GC invocations=13 (full 0):
 garbage-first heap   total 260096K, used 76089K [0x0000000080000000, 0x0000000100000000)
  region size 1024K, 16 young (16384K), 16 survivors (16384K)
 Metaspace       used 84938K, capacity 87420K, committed 87756K, reserved 1124352K
  class space    used 11206K, capacity 12155K, committed 12236K, reserved 1048576K
}
Event: 11.868 GC heap before
{Heap before GC invocations=13 (full 0):
 garbage-first heap   total 260096K, used 189753K [0x0000000080000000, 0x0000000100000000)
  region size 1024K, 128 young (131072K), 16 survivors (16384K)
 Metaspace       used 87444K, capacity 89962K, committed 90060K, reserved 1126400K
  class space    used 11495K, capacity 12451K, committed 12492K, reserved 1048576K
}
Event: 11.886 GC heap after
{Heap after GC invocations=14 (full 0):
 garbage-first heap   total 260096K, used 83486K [0x0000000080000000, 0x0000000100000000)
  region size 1024K, 9 young (9216K), 9 survivors (9216K)
 Metaspace       used 87444K, capacity 89962K, committed 90060K, reserved 1126400K
  class space    used 11495K, capacity 12451K, committed 12492K, reserved 1048576K
}
Event: 12.892 GC heap before
{Heap before GC invocations=14 (full 0):
 garbage-first heap   total 260096K, used 195102K [0x0000000080000000, 0x0000000100000000)
  region size 1024K, 119 young (121856K), 9 survivors (9216K)
 Metaspace       used 93458K, capacity 96079K, committed 96204K, reserved 1132544K
  class space    used 12261K, capacity 13231K, committed 13260K, reserved 1048576K
}
Event: 12.905 GC heap after
{Heap after GC invocations=15 (full 0):
 garbage-first heap   total 260096K, used 89215K [0x0000000080000000, 0x0000000100000000)
  region size 1024K, 14 young (14336K), 14 survivors (14336K)
 Metaspace       used 93458K, capacity 96079K, committed 96204K, reserved 1132544K
  class space    used 12261K, capacity 13231K, committed 13260K, reserved 1048576K
}
Event: 2430.688 GC heap before
{Heap before GC invocations=15 (full 0):
 garbage-first heap   total 260096K, used 199807K [0x0000000080000000, 0x0000000100000000)
  region size 1024K, 123 young (125952K), 14 survivors (14336K)
 Metaspace       used 96635K, capacity 99558K, committed 99916K, reserved 1134592K
  class space    used 12684K, capacity 13776K, committed 13900K, reserved 1048576K
}
Event: 2430.730 GC heap after
{Heap after GC invocations=16 (full 0):
 garbage-first heap   total 260096K, used 92701K [0x0000000080000000, 0x0000000100000000)
  region size 1024K, 11 young (11264K), 11 survivors (11264K)
 Metaspace       used 96635K, capacity 99558K, committed 99916K, reserved 1134592K
  class space    used 12684K, capacity 13776K, committed 13900K, reserved 1048576K
}
Event: 2436.034 GC heap before
{Heap before GC invocations=16 (full 0):
 garbage-first heap   total 260096K, used 171549K [0x0000000080000000, 0x0000000100000000)
  region size 1024K, 90 young (92160K), 11 survivors (11264K)
 Metaspace       used 97940K, capacity 100832K, committed 100940K, reserved 1136640K
  class space    used 12720K, capacity 13805K, committed 13900K, reserved 1048576K
}
Event: 2436.050 GC heap after
{Heap after GC invocations=17 (full 0):
 garbage-first heap   total 260096K, used 100576K [0x0000000080000000, 0x0000000100000000)
  region size 1024K, 12 young (12288K), 12 survivors (12288K)
 Metaspace       used 97940K, capacity 100832K, committed 100940K, reserved 1136640K
  class space    used 12720K, capacity 13805K, committed 13900K, reserved 1048576K
}
Event: 2437.559 GC heap before
{Heap before GC invocations=18 (full 0):
 garbage-first heap   total 260096K, used 205024K [0x0000000080000000, 0x0000000100000000)
  region size 1024K, 115 young (117760K), 12 survivors (12288K)
 Metaspace       used 110900K, capacity 114114K, committed 114296K, reserved 1148928K
  class space    used 14574K, capacity 15792K, committed 15820K, reserved 1048576K
}
Event: 2437.580 GC heap after
{Heap after GC invocations=19 (full 0):
 garbage-first heap   total 260096K, used 107995K [0x0000000080000000, 0x0000000100000000)
  region size 1024K, 15 young (15360K), 15 survivors (15360K)
 Metaspace       used 110900K, capacity 114114K, committed 114296K, reserved 1148928K
  class space    used 14574K, capacity 15792K, committed 15820K, reserved 1048576K
}
Event: 2446.311 GC heap before
{Heap before GC invocations=20 (full 0):
 garbage-first heap   total 260096K, used 249307K [0x0000000080000000, 0x0000000100000000)
  region size 1024K, 113 young (115712K), 15 survivors (15360K)
 Metaspace       used 113155K, capacity 116460K, committed 116728K, reserved 1150976K
  class space    used 14864K, capacity 16107K, committed 16204K, reserved 1048576K
}
Event: 2446.332 GC heap after
{Heap after GC invocations=21 (full 0):
 garbage-first heap   total 275456K, used 116823K [0x0000000080000000, 0x0000000100000000)
  region size 1024K, 10 young (10240K), 10 survivors (10240K)
 Metaspace       used 113155K, capacity 116460K, committed 116728K, reserved 1150976K
  class space    used 14864K, capacity 16107K, committed 16204K, reserved 1048576K
}
Event: 2446.351 GC heap before
{Heap before GC invocations=21 (full 0):
 garbage-first heap   total 275456K, used 119895K [0x0000000080000000, 0x0000000100000000)
  region size 1024K, 13 young (13312K), 10 survivors (10240K)
 Metaspace       used 113160K, capacity 116460K, committed 116728K, reserved 1150976K
  class space    used 14864K, capacity 16107K, committed 16204K, reserved 1048576K
}
Event: 2446.366 GC heap after
{Heap after GC invocations=22 (full 0):
 garbage-first heap   total 275456K, used 112653K [0x0000000080000000, 0x0000000100000000)
  region size 1024K, 2 young (2048K), 2 survivors (2048K)
 Metaspace       used 113160K, capacity 116460K, committed 116728K, reserved 1150976K
  class space    used 14864K, capacity 16107K, committed 16204K, reserved 1048576K
}
Event: 2652.708 GC heap before
{Heap before GC invocations=22 (full 0):
 garbage-first heap   total 275456K, used 215053K [0x0000000080000000, 0x0000000100000000)
  region size 1024K, 103 young (105472K), 2 survivors (2048K)
 Metaspace       used 114735K, capacity 118104K, committed 118264K, reserved 1150976K
  class space    used 15026K, capacity 16338K, committed 16460K, reserved 1048576K
}
Event: 2652.719 GC heap after
{Heap after GC invocations=23 (full 0):
 garbage-first heap   total 275456K, used 122955K [0x0000000080000000, 0x0000000100000000)
  region size 1024K, 12 young (12288K), 12 survivors (12288K)
 Metaspace       used 114735K, capacity 118104K, committed 118264K, reserved 1150976K
  class space    used 15026K, capacity 16338K, committed 16460K, reserved 1048576K
}

